<?xml version="1.0" encoding="UTF-8"?>
<testng-results ignored="0" total="6" passed="6" failed="0" skipped="0">
  <reporter-output>
  </reporter-output>
  <suite started-at="2024-05-06T16:35:06 GMT" name="Suite" finished-at="2024-05-06T16:35:28 GMT" duration-ms="21873">
    <groups>
    </groups>
    <test started-at="2024-05-06T16:35:06 GMT" name="user-sam" finished-at="2024-05-06T16:35:27 GMT" duration-ms="20715">
      <class name="org.vendor.portal.testClasses.VendorPortalTest">
        <test-method is-config="true" signature="init()[pri:0, instance:org.vendor.portal.testClasses.VendorPortalTest@2accdbb5]" started-at="2024-05-06T16:35:06 GMT" name="init" finished-at="2024-05-06T16:35:06 GMT" duration-ms="45" status="PASS">
          <reporter-output>
          </reporter-output>
        </test-method> <!-- init -->
        <test-method is-config="true" signature="setDriver(org.testng.ITestContext)[pri:0, instance:org.vendor.portal.testClasses.VendorPortalTest@2accdbb5]" started-at="2024-05-06T16:35:06 GMT" name="setDriver" finished-at="2024-05-06T16:35:16 GMT" duration-ms="9938" status="PASS">
          <params>
            <param index="0">
              <value>
                <![CDATA[org.testng.TestRunner@5a45133e]]>
              </value>
            </param>
          </params>
          <reporter-output>
          </reporter-output>
        </test-method> <!-- setDriver -->
        <test-method is-config="true" signature="setJSONData(java.lang.String)[pri:0, instance:org.vendor.portal.testClasses.VendorPortalTest@2accdbb5]" started-at="2024-05-06T16:35:16 GMT" name="setJSONData" finished-at="2024-05-06T16:35:17 GMT" depends-on-methods="commonClasses.AbstractTestClass.setDriver" duration-ms="709" status="PASS">
          <params>
            <param index="0">
              <value>
                <![CDATA[Test-data/Vendor-Portal-App/sam.json]]>
              </value>
            </param>
          </params>
          <reporter-output>
          </reporter-output>
        </test-method> <!-- setJSONData -->
        <test-method signature="loginPageTest()[pri:0, instance:org.vendor.portal.testClasses.VendorPortalTest@2accdbb5]" started-at="2024-05-06T16:35:17 GMT" name="loginPageTest" finished-at="2024-05-06T16:35:22 GMT" duration-ms="4974" status="PASS">
          <reporter-output>
          </reporter-output>
        </test-method> <!-- loginPageTest -->
        <test-method signature="dashboardPageTest()[pri:0, instance:org.vendor.portal.testClasses.VendorPortalTest@2accdbb5]" started-at="2024-05-06T16:35:22 GMT" name="dashboardPageTest" finished-at="2024-05-06T16:35:27 GMT" depends-on-methods="org.vendor.portal.testClasses.VendorPortalTest.loginPageTest" duration-ms="4767" status="PASS">
          <reporter-output>
          </reporter-output>
        </test-method> <!-- dashboardPageTest -->
        <test-method is-config="true" signature="tearDown()[pri:0, instance:org.vendor.portal.testClasses.VendorPortalTest@2accdbb5]" started-at="2024-05-06T16:35:27 GMT" name="tearDown" finished-at="2024-05-06T16:35:27 GMT" duration-ms="253" status="PASS">
          <reporter-output>
          </reporter-output>
        </test-method> <!-- tearDown -->
      </class> <!-- org.vendor.portal.testClasses.VendorPortalTest -->
    </test> <!-- user-sam -->
    <test started-at="2024-05-06T16:35:06 GMT" name="user-john" finished-at="2024-05-06T16:35:27 GMT" duration-ms="21075">
      <class name="org.vendor.portal.testClasses.VendorPortalTest">
        <test-method is-config="true" signature="setDriver(org.testng.ITestContext)[pri:0, instance:org.vendor.portal.testClasses.VendorPortalTest@2beee7ff]" started-at="2024-05-06T16:35:06 GMT" name="setDriver" finished-at="2024-05-06T16:35:17 GMT" duration-ms="10376" status="PASS">
          <params>
            <param index="0">
              <value>
                <![CDATA[org.testng.TestRunner@942a29c]]>
              </value>
            </param>
          </params>
          <reporter-output>
          </reporter-output>
        </test-method> <!-- setDriver -->
        <test-method is-config="true" signature="setJSONData(java.lang.String)[pri:0, instance:org.vendor.portal.testClasses.VendorPortalTest@2beee7ff]" started-at="2024-05-06T16:35:17 GMT" name="setJSONData" finished-at="2024-05-06T16:35:17 GMT" depends-on-methods="commonClasses.AbstractTestClass.setDriver" duration-ms="279" status="PASS">
          <params>
            <param index="0">
              <value>
                <![CDATA[Test-data/Vendor-Portal-App/john.json]]>
              </value>
            </param>
          </params>
          <reporter-output>
          </reporter-output>
        </test-method> <!-- setJSONData -->
        <test-method signature="loginPageTest()[pri:0, instance:org.vendor.portal.testClasses.VendorPortalTest@2beee7ff]" started-at="2024-05-06T16:35:17 GMT" name="loginPageTest" finished-at="2024-05-06T16:35:22 GMT" duration-ms="5532" status="PASS">
          <reporter-output>
          </reporter-output>
        </test-method> <!-- loginPageTest -->
        <test-method signature="dashboardPageTest()[pri:0, instance:org.vendor.portal.testClasses.VendorPortalTest@2beee7ff]" started-at="2024-05-06T16:35:22 GMT" name="dashboardPageTest" finished-at="2024-05-06T16:35:27 GMT" depends-on-methods="org.vendor.portal.testClasses.VendorPortalTest.loginPageTest" duration-ms="4644" status="PASS">
          <reporter-output>
          </reporter-output>
        </test-method> <!-- dashboardPageTest -->
        <test-method is-config="true" signature="tearDown()[pri:0, instance:org.vendor.portal.testClasses.VendorPortalTest@2beee7ff]" started-at="2024-05-06T16:35:27 GMT" name="tearDown" finished-at="2024-05-06T16:35:27 GMT" duration-ms="194" status="PASS">
          <reporter-output>
          </reporter-output>
        </test-method> <!-- tearDown -->
      </class> <!-- org.vendor.portal.testClasses.VendorPortalTest -->
    </test> <!-- user-john -->
    <test started-at="2024-05-06T16:35:06 GMT" name="user-mike" finished-at="2024-05-06T16:35:28 GMT" duration-ms="21859">
      <class name="org.vendor.portal.testClasses.VendorPortalTest">
        <test-method is-config="true" signature="setDriver(org.testng.ITestContext)[pri:0, instance:org.vendor.portal.testClasses.VendorPortalTest@cad498c]" started-at="2024-05-06T16:35:06 GMT" name="setDriver" finished-at="2024-05-06T16:35:16 GMT" duration-ms="10002" status="PASS">
          <params>
            <param index="0">
              <value>
                <![CDATA[org.testng.TestRunner@1ed6388a]]>
              </value>
            </param>
          </params>
          <reporter-output>
          </reporter-output>
        </test-method> <!-- setDriver -->
        <test-method is-config="true" signature="setJSONData(java.lang.String)[pri:0, instance:org.vendor.portal.testClasses.VendorPortalTest@cad498c]" started-at="2024-05-06T16:35:16 GMT" name="setJSONData" finished-at="2024-05-06T16:35:17 GMT" depends-on-methods="commonClasses.AbstractTestClass.setDriver" duration-ms="647" status="PASS">
          <params>
            <param index="0">
              <value>
                <![CDATA[Test-data/Vendor-Portal-App/mike.json]]>
              </value>
            </param>
          </params>
          <reporter-output>
          </reporter-output>
        </test-method> <!-- setJSONData -->
        <test-method signature="loginPageTest()[pri:0, instance:org.vendor.portal.testClasses.VendorPortalTest@cad498c]" started-at="2024-05-06T16:35:17 GMT" name="loginPageTest" finished-at="2024-05-06T16:35:22 GMT" duration-ms="5509" status="PASS">
          <reporter-output>
          </reporter-output>
        </test-method> <!-- loginPageTest -->
        <test-method signature="dashboardPageTest()[pri:0, instance:org.vendor.portal.testClasses.VendorPortalTest@cad498c]" started-at="2024-05-06T16:35:22 GMT" name="dashboardPageTest" finished-at="2024-05-06T16:35:28 GMT" depends-on-methods="org.vendor.portal.testClasses.VendorPortalTest.loginPageTest" duration-ms="5418" status="PASS">
          <reporter-output>
          </reporter-output>
        </test-method> <!-- dashboardPageTest -->
        <test-method is-config="true" signature="tearDown()[pri:0, instance:org.vendor.portal.testClasses.VendorPortalTest@cad498c]" started-at="2024-05-06T16:35:28 GMT" name="tearDown" finished-at="2024-05-06T16:35:28 GMT" duration-ms="231" status="PASS">
          <reporter-output>
          </reporter-output>
        </test-method> <!-- tearDown -->
      </class> <!-- org.vendor.portal.testClasses.VendorPortalTest -->
    </test> <!-- user-mike -->
  </suite> <!-- Suite -->
</testng-results>
