<?xml version="1.0" encoding="UTF-8"?>
<testng-results ignored="0" total="6" passed="6" failed="0" skipped="0">
  <reporter-output>
  </reporter-output>
  <suite started-at="2024-04-26T15:20:08 GMT" name="Suite" finished-at="2024-04-26T15:20:29 GMT" duration-ms="21245">
    <groups>
    </groups>
    <test started-at="2024-04-26T15:20:08 GMT" name="user-john" finished-at="2024-04-26T15:20:16 GMT" duration-ms="8214">
      <class name="org.vendor.portal.testClasses.VendorPortalTest">
        <test-method is-config="true" signature="setDriver()[pri:0, instance:org.vendor.portal.testClasses.VendorPortalTest@4ef37659]" started-at="2024-04-26T15:20:08 GMT" name="setDriver" finished-at="2024-04-26T15:20:11 GMT" duration-ms="3083" status="PASS">
          <reporter-output>
          </reporter-output>
        </test-method> <!-- setDriver -->
        <test-method is-config="true" signature="setJSONData(java.lang.String)[pri:0, instance:org.vendor.portal.testClasses.VendorPortalTest@4ef37659]" started-at="2024-04-26T15:20:11 GMT" name="setJSONData" finished-at="2024-04-26T15:20:11 GMT" depends-on-methods="commonClasses.AbstractTestClass.setDriver" duration-ms="487" status="PASS">
          <params>
            <param index="0">
              <value>
                <![CDATA[Test-data/Vendor-Portal-App/john.json]]>
              </value>
            </param>
          </params>
          <reporter-output>
          </reporter-output>
        </test-method> <!-- setJSONData -->
        <test-method signature="loginPageTest()[pri:0, instance:org.vendor.portal.testClasses.VendorPortalTest@4ef37659]" started-at="2024-04-26T15:20:11 GMT" name="loginPageTest" finished-at="2024-04-26T15:20:13 GMT" duration-ms="1540" status="PASS">
          <reporter-output>
          </reporter-output>
        </test-method> <!-- loginPageTest -->
        <test-method signature="dashboardPageTest()[pri:0, instance:org.vendor.portal.testClasses.VendorPortalTest@4ef37659]" started-at="2024-04-26T15:20:13 GMT" name="dashboardPageTest" finished-at="2024-04-26T15:20:16 GMT" depends-on-methods="org.vendor.portal.testClasses.VendorPortalTest.loginPageTest" duration-ms="2790" status="PASS">
          <reporter-output>
          </reporter-output>
        </test-method> <!-- dashboardPageTest -->
        <test-method is-config="true" signature="tearDown()[pri:0, instance:org.vendor.portal.testClasses.VendorPortalTest@4ef37659]" started-at="2024-04-26T15:20:16 GMT" name="tearDown" finished-at="2024-04-26T15:20:16 GMT" duration-ms="261" status="PASS">
          <reporter-output>
          </reporter-output>
        </test-method> <!-- tearDown -->
      </class> <!-- org.vendor.portal.testClasses.VendorPortalTest -->
    </test> <!-- user-john -->
    <test started-at="2024-04-26T15:20:16 GMT" name="user-mike" finished-at="2024-04-26T15:20:22 GMT" duration-ms="6264">
      <class name="org.vendor.portal.testClasses.VendorPortalTest">
        <test-method is-config="true" signature="setDriver()[pri:0, instance:org.vendor.portal.testClasses.VendorPortalTest@41e1e210]" started-at="2024-04-26T15:20:16 GMT" name="setDriver" finished-at="2024-04-26T15:20:18 GMT" duration-ms="1623" status="PASS">
          <reporter-output>
          </reporter-output>
        </test-method> <!-- setDriver -->
        <test-method is-config="true" signature="setJSONData(java.lang.String)[pri:0, instance:org.vendor.portal.testClasses.VendorPortalTest@41e1e210]" started-at="2024-04-26T15:20:18 GMT" name="setJSONData" finished-at="2024-04-26T15:20:18 GMT" depends-on-methods="commonClasses.AbstractTestClass.setDriver" duration-ms="2" status="PASS">
          <params>
            <param index="0">
              <value>
                <![CDATA[Test-data/Vendor-Portal-App/mike.json]]>
              </value>
            </param>
          </params>
          <reporter-output>
          </reporter-output>
        </test-method> <!-- setJSONData -->
        <test-method signature="loginPageTest()[pri:0, instance:org.vendor.portal.testClasses.VendorPortalTest@41e1e210]" started-at="2024-04-26T15:20:18 GMT" name="loginPageTest" finished-at="2024-04-26T15:20:19 GMT" duration-ms="1645" status="PASS">
          <reporter-output>
          </reporter-output>
        </test-method> <!-- loginPageTest -->
        <test-method signature="dashboardPageTest()[pri:0, instance:org.vendor.portal.testClasses.VendorPortalTest@41e1e210]" started-at="2024-04-26T15:20:19 GMT" name="dashboardPageTest" finished-at="2024-04-26T15:20:22 GMT" depends-on-methods="org.vendor.portal.testClasses.VendorPortalTest.loginPageTest" duration-ms="2717" status="PASS">
          <reporter-output>
          </reporter-output>
        </test-method> <!-- dashboardPageTest -->
        <test-method is-config="true" signature="tearDown()[pri:0, instance:org.vendor.portal.testClasses.VendorPortalTest@41e1e210]" started-at="2024-04-26T15:20:22 GMT" name="tearDown" finished-at="2024-04-26T15:20:22 GMT" duration-ms="270" status="PASS">
          <reporter-output>
          </reporter-output>
        </test-method> <!-- tearDown -->
      </class> <!-- org.vendor.portal.testClasses.VendorPortalTest -->
    </test> <!-- user-mike -->
    <test started-at="2024-04-26T15:20:22 GMT" name="user-sam" finished-at="2024-04-26T15:20:29 GMT" duration-ms="6670">
      <class name="org.vendor.portal.testClasses.VendorPortalTest">
        <test-method is-config="true" signature="init()[pri:0, instance:org.vendor.portal.testClasses.VendorPortalTest@4944252c]" started-at="2024-04-26T15:20:08 GMT" name="init" finished-at="2024-04-26T15:20:08 GMT" duration-ms="25" status="PASS">
          <reporter-output>
          </reporter-output>
        </test-method> <!-- init -->
        <test-method is-config="true" signature="setDriver()[pri:0, instance:org.vendor.portal.testClasses.VendorPortalTest@4944252c]" started-at="2024-04-26T15:20:22 GMT" name="setDriver" finished-at="2024-04-26T15:20:24 GMT" duration-ms="1635" status="PASS">
          <reporter-output>
          </reporter-output>
        </test-method> <!-- setDriver -->
        <test-method is-config="true" signature="setJSONData(java.lang.String)[pri:0, instance:org.vendor.portal.testClasses.VendorPortalTest@4944252c]" started-at="2024-04-26T15:20:24 GMT" name="setJSONData" finished-at="2024-04-26T15:20:24 GMT" depends-on-methods="commonClasses.AbstractTestClass.setDriver" duration-ms="1" status="PASS">
          <params>
            <param index="0">
              <value>
                <![CDATA[Test-data/Vendor-Portal-App/sam.json]]>
              </value>
            </param>
          </params>
          <reporter-output>
          </reporter-output>
        </test-method> <!-- setJSONData -->
        <test-method signature="loginPageTest()[pri:0, instance:org.vendor.portal.testClasses.VendorPortalTest@4944252c]" started-at="2024-04-26T15:20:24 GMT" name="loginPageTest" finished-at="2024-04-26T15:20:25 GMT" duration-ms="1392" status="PASS">
          <reporter-output>
          </reporter-output>
        </test-method> <!-- loginPageTest -->
        <test-method signature="dashboardPageTest()[pri:0, instance:org.vendor.portal.testClasses.VendorPortalTest@4944252c]" started-at="2024-04-26T15:20:25 GMT" name="dashboardPageTest" finished-at="2024-04-26T15:20:29 GMT" depends-on-methods="org.vendor.portal.testClasses.VendorPortalTest.loginPageTest" duration-ms="3341" status="PASS">
          <reporter-output>
          </reporter-output>
        </test-method> <!-- dashboardPageTest -->
        <test-method is-config="true" signature="tearDown()[pri:0, instance:org.vendor.portal.testClasses.VendorPortalTest@4944252c]" started-at="2024-04-26T15:20:29 GMT" name="tearDown" finished-at="2024-04-26T15:20:29 GMT" duration-ms="295" status="PASS">
          <reporter-output>
          </reporter-output>
        </test-method> <!-- tearDown -->
      </class> <!-- org.vendor.portal.testClasses.VendorPortalTest -->
    </test> <!-- user-sam -->
  </suite> <!-- Suite -->
</testng-results>
